<?xml version="1.0" encoding="UTF-8"?>
<testng-results ignored="0" total="2" passed="2" failed="0" skipped="0">
  <reporter-output>
  </reporter-output>
  <suite started-at="2024-05-03T16:55:18 IST" name="Suite" finished-at="2024-05-03T16:56:33 IST" duration-ms="75429">
    <groups>
    </groups>
    <test started-at="2024-05-03T16:55:18 IST" name="Test" finished-at="2024-05-03T16:56:33 IST" duration-ms="75429">
      <class name="testBase.BaseClass">
        <test-method is-config="true" signature="setup()[pri:0, instance:testBase.BaseClass@682b2fa]" started-at="2024-05-03T16:55:08 IST" name="setup" finished-at="2024-05-03T16:55:18 IST" duration-ms="9353" status="PASS">
          <reporter-output>
          </reporter-output>
        </test-method> <!-- setup -->
        <test-method is-config="true" signature="tearDown()[pri:0, instance:testBase.BaseClass@682b2fa]" started-at="2024-05-03T16:56:34 IST" name="tearDown" finished-at="2024-05-03T16:56:35 IST" duration-ms="1279" status="PASS">
          <reporter-output>
          </reporter-output>
        </test-method> <!-- tearDown -->
      </class> <!-- testBase.BaseClass -->
      <class name="testCases.TC_001_BeCognizantPage">
        <test-method signature="beCognizantValidation()[pri:0, instance:testCases.TC_001_BeCognizantPage@3cd3e762]" started-at="2024-05-03T16:55:18 IST" name="beCognizantValidation" finished-at="2024-05-03T16:55:41 IST" duration-ms="22364" status="PASS">
          <reporter-output>
          </reporter-output>
        </test-method> <!-- beCognizantValidation -->
      </class> <!-- testCases.TC_001_BeCognizantPage -->
      <class name="testCases.TC_002_NewsPage">
        <test-method signature="newsPageValidation()[pri:0, instance:testCases.TC_002_NewsPage@1fa121e2]" started-at="2024-05-03T16:55:41 IST" name="newsPageValidation" finished-at="2024-05-03T16:56:33 IST" duration-ms="52524" status="PASS">
          <reporter-output>
          </reporter-output>
        </test-method> <!-- newsPageValidation -->
      </class> <!-- testCases.TC_002_NewsPage -->
    </test> <!-- Test -->
  </suite> <!-- Suite -->
</testng-results>
